<?xml version="1.0" encoding="UTF-8"?>
<!-- Generated by org.testng.reporters.JUnitReportReporter -->
<testsuite hostname="DESKTOP-2SJV0LG" failures="0" tests="1" name="testcases.Report" time="98.953" errors="0" timestamp="2023-01-10T18:50:56 IST" skipped="0">
  <testcase classname="testcases.Report" name="DeleteAll" time="98.953"/>
  <system-out/>
</testsuite> <!-- testcases.Report -->
